TN:
SF:src/createAuthenik8.ts
FN:17,createAuthenik8
FN:47,issueTokens
FN:87,issueTokensFromProfile
FN:160,isVerifiedOAuthEmail
FNF:4
FNH:3
FNDA:6,createAuthenik8
FNDA:0,issueTokens
FNDA:3,issueTokensFromProfile
FNDA:3,isVerifiedOAuthEmail
DA:1,1
DA:2,1
DA:4,1
DA:5,1
DA:6,1
DA:7,1
DA:9,1
DA:10,1
DA:13,1
DA:14,1
DA:17,1
DA:21,6
DA:24,0
DA:28,0
DA:29,0
DA:30,0
DA:31,0
DA:32,0
DA:33,4
DA:34,6
DA:35,6
DA:36,6
DA:39,6
DA:40,6
DA:41,6
DA:42,6
DA:43,6
DA:47,6
DA:48,0
DA:51,0
DA:52,0
DA:53,0
DA:54,0
DA:56,0
DA:57,0
DA:58,0
DA:59,0
DA:60,0
DA:62,6
DA:63,6
DA:64,6
DA:65,6
DA:70,6
DA:71,6
DA:72,6
DA:73,6
DA:78,6
DA:79,0
DA:80,0
DA:81,0
DA:82,0
DA:83,0
DA:84,6
DA:87,6
DA:88,3
DA:89,3
DA:90,3
DA:91,1
DA:92,1
DA:94,2
DA:95,2
DA:96,2
DA:97,2
DA:98,2
DA:100,2
DA:101,2
DA:102,1
DA:103,3
DA:104,2
DA:105,2
DA:106,2
DA:107,2
DA:108,2
DA:110,0
DA:111,0
DA:112,0
DA:114,0
DA:115,3
DA:117,6
DA:118,6
DA:119,6
DA:120,6
DA:121,6
DA:122,6
DA:123,6
DA:124,6
DA:126,6
DA:127,6
DA:128,6
DA:129,6
DA:132,6
DA:133,6
DA:134,6
DA:136,6
DA:137,6
DA:138,6
DA:141,6
DA:142,6
DA:143,6
DA:147,6
DA:148,6
DA:149,6
DA:150,6
DA:151,6
DA:152,6
DA:153,6
DA:154,6
DA:155,6
DA:156,6
DA:157,6
DA:158,6
DA:159,6
DA:160,1
DA:161,3
LF:114
LH:89
BRDA:17,0,0,6
BRDA:21,1,0,0
BRDA:21,2,0,4
BRDA:21,3,0,0
BRDA:35,4,0,4
BRDA:41,5,0,4
BRDA:78,6,0,0
BRDA:87,7,0,3
BRDA:90,8,0,1
BRDA:92,9,0,2
BRDA:101,10,0,1
BRDA:103,11,0,2
BRDA:108,12,0,0
BRDA:160,13,0,3
BRDA:161,14,0,1
BRF:15
BRH:11
end_of_record
TN:
SF:src/index.ts
FN:1,(empty-report)
FNF:1
FNH:0
FNDA:0,(empty-report)
DA:1,0
LF:1
LH:0
BRDA:1,0,0,0
BRF:1
BRH:0
end_of_record
TN:
SF:src/auth/guestModeService.ts
FN:14,createIncognito
FNF:1
FNH:1
FNDA:6,createIncognito
DA:3,1
DA:14,1
DA:17,6
DA:18,6
DA:19,0
DA:20,0
DA:21,0
DA:22,0
DA:24,0
DA:25,0
DA:26,0
DA:28,0
DA:29,0
DA:30,0
DA:31,0
DA:33,0
DA:34,0
DA:35,0
DA:36,0
DA:37,0
DA:38,0
DA:39,0
DA:40,0
DA:41,0
DA:42,0
DA:43,0
DA:44,6
LF:27
LH:5
BRDA:14,0,0,6
BRF:1
BRH:1
end_of_record
TN:
SF:src/auth/jwtAuth.ts
FN:31,JWTService
FN:89,JWTService.authenticateJWT
FN:39,persistSessionToken
FN:61,signToken
FN:69,guestToken
FN:81,verifyToken
FNF:6
FNH:4
FNDA:6,JWTService
FNDA:0,JWTService.authenticateJWT
FNDA:5,persistSessionToken
FNDA:5,signToken
FNDA:0,guestToken
FNDA:3,verifyToken
DA:3,1
DA:5,1
DA:22,1
DA:31,6
DA:32,6
DA:33,6
DA:34,6
DA:35,6
DA:37,6
DA:39,1
DA:40,5
DA:41,0
DA:42,0
DA:44,5
DA:46,5
DA:47,0
DA:48,0
DA:50,5
DA:51,5
DA:52,5
DA:54,5
DA:55,5
DA:56,5
DA:57,0
DA:58,5
DA:59,5
DA:61,5
DA:62,5
DA:63,5
DA:64,5
DA:65,5
DA:66,5
DA:69,0
DA:70,0
DA:71,0
DA:72,0
DA:73,0
DA:74,0
DA:75,0
DA:76,0
DA:78,0
DA:79,0
DA:81,3
DA:82,3
DA:83,3
DA:84,0
DA:86,0
DA:87,3
DA:89,1
DA:90,0
DA:91,0
DA:92,0
DA:93,0
DA:94,0
DA:95,0
DA:97,0
DA:98,0
DA:99,0
DA:100,0
DA:101,0
DA:103,0
DA:104,0
DA:106,0
DA:107,0
DA:108,0
DA:109,0
DA:110,0
DA:111,0
DA:112,0
DA:113,0
DA:115,0
DA:116,0
DA:117,0
DA:118,0
DA:119,0
DA:120,1
LF:76
LH:33
BRDA:31,0,0,6
BRDA:39,1,0,5
BRDA:40,2,0,0
BRDA:46,3,0,0
BRDA:52,4,0,0
BRDA:61,5,0,5
BRDA:63,6,0,0
BRDA:81,7,0,3
BRDA:83,8,0,0
BRF:9
BRH:4
end_of_record
TN:
SF:src/auth/refreshService.ts
FN:7,MissingTokenError
FN:16,InvalidTokenError
FN:63,RefreshService
FN:74,persistSessionToken
FN:83,generateRefreshToken
FN:102,refresh
FNF:6
FNH:5
FNDA:0,MissingTokenError
FNDA:2,InvalidTokenError
FNDA:6,RefreshService
FNDA:4,persistSessionToken
FNDA:4,generateRefreshToken
FNDA:6,refresh
DA:1,1
DA:3,1
DA:4,1
DA:6,1
DA:7,0
DA:8,0
DA:9,0
DA:10,0
DA:11,0
DA:12,1
DA:14,1
DA:15,1
DA:16,2
DA:17,2
DA:18,2
DA:19,2
DA:20,1
DA:53,1
DA:63,6
DA:64,6
DA:65,6
DA:66,6
DA:67,6
DA:68,6
DA:69,6
DA:70,6
DA:71,6
DA:72,6
DA:74,4
DA:75,4
DA:76,4
DA:77,4
DA:79,4
DA:80,4
DA:83,1
DA:85,4
DA:87,4
DA:88,4
DA:89,4
DA:91,4
DA:92,4
DA:93,4
DA:94,4
DA:95,4
DA:98,4
DA:99,4
DA:102,1
DA:103,6
DA:104,0
DA:105,0
DA:107,6
DA:108,6
DA:110,6
DA:111,0
DA:112,0
DA:113,0
DA:115,6
DA:116,6
DA:118,6
DA:120,6
DA:121,1
DA:122,1
DA:125,5
DA:126,5
DA:127,5
DA:130,6
DA:131,1
DA:132,4
DA:134,4
DA:135,4
DA:136,4
DA:137,4
DA:138,4
DA:140,4
DA:142,4
DA:144,6
DA:145,4
DA:148,4
DA:149,4
DA:150,4
DA:152,4
DA:153,0
DA:154,0
DA:155,4
DA:156,4
DA:157,0
DA:158,4
DA:160,4
DA:161,4
DA:162,6
DA:163,6
DA:164,5
DA:165,5
DA:166,5
DA:167,6
DA:169,1
LF:96
LH:83
BRDA:16,0,0,2
BRDA:63,1,0,6
BRDA:67,2,0,0
BRDA:68,3,0,0
BRDA:69,4,0,0
BRDA:74,5,0,4
BRDA:77,6,0,0
BRDA:83,7,0,4
BRDA:85,8,0,0
BRDA:102,9,0,6
BRDA:103,10,0,0
BRDA:111,11,0,0
BRDA:120,12,0,5
BRDA:120,13,0,1
BRDA:130,14,0,1
BRDA:132,15,0,4
BRDA:144,16,0,4
BRDA:152,17,0,0
BRDA:156,18,0,0
BRDA:156,19,0,0
BRDA:162,20,0,0
BRDA:164,21,0,5
BRF:22
BRH:11
end_of_record
TN:
SF:src/middleware/adminService.ts
FN:14,requireAdmin
FNF:1
FNH:1
FNDA:6,requireAdmin
DA:3,1
DA:14,1
DA:15,6
DA:17,0
DA:18,0
DA:20,0
DA:23,0
DA:24,0
DA:26,0
DA:27,0
DA:28,0
DA:29,0
DA:31,0
DA:32,0
DA:33,0
DA:34,0
DA:36,0
DA:37,0
DA:38,0
DA:39,0
DA:40,0
DA:41,0
DA:42,0
DA:43,0
DA:44,0
DA:45,6
LF:26
LH:4
BRDA:14,0,0,6
BRF:1
BRH:1
end_of_record
TN:
SF:src/oauth/core.ts
FN:9,createOAuth
FNF:1
FNH:0
FNDA:0,createOAuth
DA:1,1
DA:7,1
DA:9,1
DA:10,0
DA:11,0
DA:12,0
DA:13,0
DA:14,0
DA:15,0
DA:16,0
DA:17,0
DA:18,0
LF:12
LH:3
BRF:0
BRH:0
end_of_record
TN:
SF:src/oauth/types.ts
FN:1,(empty-report)
FNF:1
FNH:1
FNDA:1,(empty-report)
LF:0
LH:0
BRDA:1,0,0,1
BRF:1
BRH:1
end_of_record
TN:
SF:src/oauth/userStore.ts
FN:1,(empty-report)
FNF:1
FNH:0
FNDA:0,(empty-report)
DA:1,0
DA:18,0
DA:20,0
DA:21,0
DA:22,0
DA:24,0
DA:25,0
DA:26,0
DA:27,0
DA:28,0
DA:29,0
DA:30,0
DA:31,0
DA:32,0
DA:33,0
DA:35,0
DA:39,0
DA:40,0
DA:41,0
DA:42,0
DA:43,0
DA:44,0
DA:45,0
DA:46,0
DA:47,0
DA:48,0
DA:49,0
DA:51,0
DA:52,0
DA:53,0
DA:55,0
DA:56,0
DA:57,0
DA:58,0
DA:59,0
DA:60,0
DA:62,0
DA:64,0
DA:65,0
DA:66,0
DA:68,0
DA:69,0
DA:70,0
DA:71,0
LF:44
LH:0
BRDA:1,0,0,0
BRF:1
BRH:0
end_of_record
TN:
SF:src/oauth/adapters/memoryAdapter.ts
FN:1,(empty-report)
FNF:1
FNH:0
FNDA:0,(empty-report)
DA:1,0
DA:15,0
DA:17,0
DA:18,0
DA:19,0
DA:20,0
DA:22,0
DA:23,0
DA:24,0
DA:25,0
DA:26,0
DA:27,0
DA:28,0
DA:30,0
DA:32,0
DA:36,0
DA:37,0
DA:38,0
DA:39,0
DA:40,0
DA:41,0
DA:42,0
DA:43,0
DA:44,0
DA:45,0
DA:46,0
DA:48,0
DA:49,0
DA:50,0
DA:52,0
DA:53,0
DA:54,0
DA:55,0
DA:56,0
DA:57,0
DA:59,0
DA:60,0
DA:61,0
DA:63,0
DA:64,0
DA:65,0
DA:67,0
DA:68,0
DA:69,0
DA:71,0
DA:72,0
DA:73,0
DA:74,0
LF:48
LH:0
BRDA:1,0,0,0
BRF:1
BRH:0
end_of_record
TN:
SF:src/oauth/adapters/redisAdapter.ts
FN:29,normalizeEmail
FN:31,userKey
FN:32,emailKey
FN:33,providerKey
FN:36,parseUser
FN:44,createRedisIdentityAdapter
FN:47,getUserById
FN:56,findUserByEmail
FN:60,findUserByProvider
FN:64,createUser
FN:123,linkProvider
FNF:11
FNH:10
FNDA:4,normalizeEmail
FNDA:2,userKey
FNDA:3,emailKey
FNDA:3,providerKey
FNDA:1,parseUser
FNDA:6,createRedisIdentityAdapter
FNDA:3,getUserById
FNDA:1,findUserByEmail
FNDA:2,findUserByProvider
FNDA:1,createUser
FNDA:0,linkProvider
DA:1,1
DA:3,1
DA:27,1
DA:29,1
DA:31,1
DA:32,1
DA:33,1
DA:34,3
DA:36,1
DA:37,1
DA:38,0
DA:39,0
DA:41,1
DA:42,1
DA:44,1
DA:45,6
DA:47,6
DA:48,3
DA:49,2
DA:50,2
DA:52,1
DA:53,3
DA:55,6
DA:56,6
DA:57,1
DA:58,1
DA:60,6
DA:61,2
DA:62,2
DA:64,6
DA:65,1
DA:66,1
DA:67,1
DA:68,1
DA:69,1
DA:71,1
DA:72,0
DA:73,0
DA:75,1
DA:77,1
DA:78,0
DA:79,0
DA:80,0
DA:82,1
DA:83,1
DA:84,1
DA:85,0
DA:86,0
DA:87,0
DA:88,0
DA:89,0
DA:91,1
DA:92,1
DA:93,0
DA:94,0
DA:95,0
DA:96,0
DA:97,0
DA:99,1
DA:100,1
DA:101,1
DA:102,1
DA:103,1
DA:104,1
DA:105,1
DA:106,1
DA:107,1
DA:108,1
DA:110,1
DA:111,1
DA:112,1
DA:113,1
DA:114,1
DA:116,1
DA:117,1
DA:118,1
DA:119,1
DA:120,1
DA:121,1
DA:123,6
DA:124,0
DA:125,0
DA:126,0
DA:128,0
DA:129,0
DA:130,0
DA:132,0
DA:133,0
DA:134,0
DA:135,0
DA:136,0
DA:138,0
DA:139,0
DA:140,0
DA:141,0
DA:143,0
DA:144,0
DA:145,0
DA:147,0
DA:148,0
DA:149,0
DA:151,0
DA:152,0
DA:153,0
DA:154,0
DA:155,0
DA:156,0
DA:157,0
DA:158,0
DA:159,0
DA:160,6
DA:161,6
LF:112
LH:65
BRDA:29,0,0,4
BRDA:31,1,0,2
BRDA:32,2,0,3
BRDA:33,3,0,3
BRDA:36,4,0,1
BRDA:37,5,0,0
BRDA:44,6,0,6
BRDA:47,7,0,3
BRDA:48,8,0,2
BRDA:50,9,0,1
BRDA:56,10,0,1
BRDA:60,11,0,2
BRDA:64,12,0,1
BRDA:71,13,0,0
BRDA:77,14,0,0
BRDA:84,15,0,0
BRDA:92,16,0,0
BRF:17
BRH:12
end_of_record
TN:
SF:src/oauth/brain/identityEngine.ts
FN:30,createIdentityEngine
FN:35,resolveOAuth
FNF:2
FNH:2
FNDA:6,createIdentityEngine
FNDA:2,resolveOAuth
DA:5,1
DA:7,1
DA:30,1
DA:31,6
DA:32,6
DA:33,6
DA:34,6
DA:35,6
DA:36,2
DA:37,2
DA:38,2
DA:39,2
DA:40,2
DA:41,2
DA:42,2
DA:44,2
DA:45,0
DA:46,0
DA:48,2
DA:49,2
DA:50,2
DA:51,2
DA:53,2
DA:54,1
DA:55,1
DA:56,1
DA:57,1
DA:58,1
DA:59,1
DA:60,1
DA:61,1
DA:62,1
DA:63,1
DA:64,1
DA:67,2
DA:69,0
DA:70,0
DA:72,0
DA:73,0
DA:74,0
DA:75,0
DA:76,0
DA:77,0
DA:78,0
DA:80,0
DA:81,0
DA:82,0
DA:83,0
DA:84,0
DA:85,0
DA:87,0
DA:88,0
DA:89,0
DA:90,0
DA:91,0
DA:92,0
DA:93,0
DA:94,0
DA:95,0
DA:96,0
DA:97,0
DA:98,0
DA:99,0
DA:100,0
DA:101,0
DA:102,0
DA:103,0
DA:107,1
DA:110,2
DA:111,0
DA:113,0
DA:115,0
DA:116,0
DA:117,0
DA:118,0
DA:119,0
DA:120,0
DA:122,0
DA:123,0
DA:124,0
DA:125,0
DA:126,0
DA:127,0
DA:129,0
DA:130,0
DA:131,0
DA:132,0
DA:133,0
DA:134,0
DA:136,0
DA:140,1
DA:141,1
DA:142,1
DA:143,1
DA:144,1
DA:145,2
DA:146,0
DA:147,1
DA:149,1
DA:150,1
DA:151,1
DA:152,1
DA:153,1
DA:154,1
DA:155,1
DA:156,1
DA:157,1
DA:159,1
DA:160,1
DA:161,1
DA:162,1
DA:163,1
DA:164,1
DA:165,2
DA:166,6
DA:167,6
LF:116
LH:60
BRDA:30,0,0,6
BRDA:35,1,0,2
BRDA:44,2,0,0
BRDA:53,3,0,1
BRDA:67,4,0,0
BRDA:103,5,0,1
BRDA:110,6,0,0
BRDA:136,7,0,1
BRDA:145,8,0,0
BRDA:147,9,0,1
BRF:10
BRH:6
end_of_record
TN:
SF:src/oauth/brain/identityPolicy.ts
FNF:0
FNH:0
DA:1,1
DA:2,1
DA:3,1
DA:4,1
LF:4
LH:4
BRF:0
BRH:0
end_of_record
TN:
SF:src/oauth/brain/identityResolver.ts
FN:1,(empty-report)
FNF:1
FNH:0
FNDA:0,(empty-report)
DA:1,0
DA:2,0
DA:5,0
DA:6,0
DA:9,0
DA:10,0
DA:11,0
DA:12,0
DA:15,0
DA:17,0
DA:18,0
DA:19,0
DA:20,0
DA:21,0
DA:22,0
DA:23,0
DA:27,0
DA:29,0
DA:30,0
DA:31,0
DA:32,0
DA:33,0
DA:34,0
DA:35,0
DA:38,0
DA:39,0
DA:40,0
DA:41,0
DA:42,0
DA:43,0
LF:30
LH:0
BRDA:1,0,0,0
BRF:1
BRH:0
end_of_record
TN:
SF:src/oauth/brain/types.ts
FN:1,(empty-report)
FNF:1
FNH:1
FNDA:1,(empty-report)
LF:0
LH:0
BRDA:1,0,0,1
BRF:1
BRH:1
end_of_record
TN:
SF:src/oauth/identity/types.ts
FN:1,(empty-report)
FNF:1
FNH:1
FNDA:1,(empty-report)
LF:0
LH:0
BRDA:1,0,0,1
BRF:1
BRH:1
end_of_record
TN:
SF:src/oauth/providers/github.ts
FN:24,createGitHubProvider
FNF:1
FNH:0
FNDA:0,createGitHubProvider
DA:1,1
DA:24,1
DA:25,0
DA:26,0
DA:27,0
DA:29,0
DA:30,0
DA:34,0
DA:35,0
DA:36,0
DA:37,0
DA:40,0
DA:41,0
DA:46,0
DA:47,0
DA:48,0
DA:49,0
DA:50,0
DA:51,0
DA:52,0
DA:53,0
DA:57,0
DA:59,0
DA:60,0
DA:61,0
DA:62,0
DA:64,0
DA:65,0
DA:66,0
DA:67,0
DA:69,0
DA:70,0
DA:72,0
DA:75,0
DA:76,0
DA:80,0
DA:81,0
DA:82,0
DA:84,0
DA:85,0
DA:86,0
DA:88,0
DA:90,0
DA:91,0
DA:92,0
DA:96,0
DA:98,0
DA:99,0
DA:100,0
DA:102,0
DA:103,0
DA:104,0
DA:105,0
DA:107,0
DA:108,0
DA:109,0
DA:110,0
DA:111,0
DA:112,0
DA:113,0
DA:115,0
DA:117,0
DA:118,0
DA:119,0
DA:121,0
DA:124,0
DA:125,0
DA:126,0
DA:127,0
DA:128,0
DA:129,0
DA:130,0
DA:131,0
DA:133,0
DA:136,0
DA:137,0
DA:138,0
DA:139,0
DA:140,0
DA:142,0
DA:144,0
DA:145,0
DA:146,0
DA:148,0
DA:149,0
DA:150,0
DA:152,0
DA:153,0
DA:154,0
DA:155,0
DA:156,0
DA:157,0
DA:158,0
DA:161,0
DA:163,0
DA:164,0
DA:165,0
DA:166,0
DA:167,0
DA:169,0
DA:170,0
DA:171,0
LF:102
LH:2
BRF:0
BRH:0
end_of_record
TN:
SF:src/oauth/providers/google.ts
FN:14,createGoogleProvider
FNF:1
FNH:0
FNDA:0,createGoogleProvider
DA:2,1
DA:5,1
DA:14,1
DA:15,0
DA:16,0
DA:17,0
DA:18,0
DA:20,0
DA:22,0
DA:23,0
DA:26,0
DA:29,0
DA:30,0
DA:32,0
DA:33,0
DA:34,0
DA:35,0
DA:36,0
DA:37,0
DA:38,0
DA:39,0
DA:44,0
DA:45,0
DA:46,0
DA:47,0
DA:48,0
DA:49,0
DA:50,0
DA:52,0
DA:55,0
DA:56,0
DA:57,0
DA:58,0
DA:59,0
DA:60,0
DA:61,0
DA:62,0
DA:63,0
DA:67,0
DA:68,0
DA:69,0
DA:71,0
DA:73,0
DA:74,0
DA:75,0
DA:77,0
DA:79,0
DA:80,0
DA:81,0
DA:83,0
DA:86,0
DA:87,0
DA:88,0
DA:89,0
DA:90,0
DA:91,0
DA:92,0
DA:93,0
DA:94,0
DA:99,0
DA:100,0
DA:101,0
DA:102,0
DA:103,0
DA:104,0
DA:105,0
DA:107,0
DA:108,0
DA:109,0
DA:110,0
DA:112,0
DA:113,0
DA:115,0
DA:116,0
DA:117,0
DA:118,0
DA:119,0
DA:120,0
DA:121,0
DA:122,0
DA:123,0
DA:124,0
DA:126,0
DA:128,0
DA:129,0
DA:130,0
DA:131,0
DA:132,0
DA:133,0
DA:134,0
DA:135,0
DA:136,0
DA:138,0
DA:139,0
DA:140,0
DA:141,0
DA:142,0
DA:143,0
DA:145,0
DA:146,0
DA:147,0
DA:148,0
DA:149,0
DA:150,0
DA:151,0
DA:153,0
DA:155,0
DA:156,0
DA:157,0
DA:158,0
DA:159,0
DA:161,0
DA:162,0
DA:163,0
LF:114
LH:3
BRF:0
BRH:0
end_of_record
TN:
SF:src/oauth/types/identity.ts
FN:1,(empty-report)
FNF:1
FNH:1
FNDA:1,(empty-report)
LF:0
LH:0
BRDA:1,0,0,1
BRF:1
BRH:1
end_of_record
TN:
SF:src/redis/redisService.ts
FN:43,validateRedisConfig
FN:55,getRedisConfig
FN:73,setupRedis
FN:128,initializeRedisClient
FNF:4
FNH:0
FNDA:0,validateRedisConfig
FNDA:0,getRedisConfig
FNDA:0,setupRedis
FNDA:0,initializeRedisClient
DA:1,1
DA:2,1
DA:3,1
DA:4,1
DA:28,1
DA:29,1
DA:31,1
DA:32,1
DA:33,1
DA:34,1
DA:35,1
DA:36,1
DA:38,1
DA:39,1
DA:40,1
DA:41,1
DA:43,1
DA:44,0
DA:45,0
DA:46,0
DA:48,0
DA:49,0
DA:50,0
DA:51,0
DA:53,0
DA:55,1
DA:56,0
DA:57,0
DA:58,0
DA:59,0
DA:61,0
DA:62,0
DA:63,0
DA:64,0
DA:65,0
DA:66,0
DA:67,0
DA:69,0
DA:70,0
DA:71,0
DA:73,1
DA:75,0
DA:76,0
DA:77,0
DA:79,0
DA:80,0
DA:81,0
DA:82,0
DA:83,0
DA:84,0
DA:85,0
DA:86,0
DA:88,0
DA:89,0
DA:90,0
DA:91,0
DA:92,0
DA:93,0
DA:94,0
DA:95,0
DA:96,0
DA:97,0
DA:98,0
DA:99,0
DA:100,0
DA:101,0
DA:103,0
DA:104,0
DA:105,0
DA:106,0
DA:107,0
DA:110,0
DA:111,0
DA:112,0
DA:114,0
DA:115,0
DA:116,0
DA:118,0
DA:119,0
DA:120,0
DA:122,0
DA:123,0
DA:124,0
DA:125,0
DA:126,0
DA:127,0
DA:128,1
DA:129,0
DA:130,0
DA:131,0
DA:132,0
DA:133,0
DA:134,0
LF:93
LH:20
BRDA:32,0,0,0
BRF:1
BRH:0
end_of_record
TN:
SF:src/security/ipService.ts
FN:14,whitelistEntryKey
FN:60,SecurityModule
FN:73,retryStrategy
FN:97,isAllowed
FN:125,addIP
FN:129,removeIP
FN:134,listIPs
FN:150,getClientIp
FN:161,whiteListMiddleware
FN:171,rateLimiterMiddleware
FN:179,helmetMiddleware
FN:181,helmetDirectives.defaultSrc
FNF:12
FNH:4
FNDA:0,whitelistEntryKey
FNDA:6,SecurityModule
FNDA:0,retryStrategy
FNDA:0,isAllowed
FNDA:0,addIP
FNDA:0,removeIP
FNDA:0,listIPs
FNDA:0,getClientIp
FNDA:6,whiteListMiddleware
FNDA:6,rateLimiterMiddleware
FNDA:6,helmetMiddleware
FNDA:0,helmetDirectives.defaultSrc
DA:2,1
DA:3,1
DA:6,1
DA:11,1
DA:12,1
DA:13,1
DA:14,1
DA:15,0
DA:30,1
DA:31,1
DA:49,1
DA:60,6
DA:61,6
DA:62,6
DA:63,6
DA:64,6
DA:65,6
DA:66,6
DA:67,6
DA:69,6
DA:70,0
DA:71,0
DA:72,0
DA:73,0
DA:74,0
DA:75,0
DA:77,6
DA:78,6
DA:79,6
DA:80,6
DA:81,6
DA:82,6
DA:83,6
DA:85,6
DA:86,6
DA:87,6
DA:88,0
DA:89,6
DA:90,6
DA:91,0
DA:93,6
DA:94,6
DA:97,0
DA:98,0
DA:99,0
DA:101,0
DA:102,0
DA:103,0
DA:106,0
DA:107,0
DA:108,0
DA:110,0
DA:111,0
DA:112,0
DA:113,0
DA:114,0
DA:115,0
DA:116,0
DA:117,0
DA:119,0
DA:120,0
DA:121,0
DA:122,0
DA:123,0
DA:125,0
DA:126,0
DA:127,0
DA:128,0
DA:129,0
DA:130,0
DA:131,0
DA:132,0
DA:134,0
DA:135,0
DA:136,0
DA:138,0
DA:139,0
DA:140,0
DA:141,0
DA:142,0
DA:143,0
DA:144,0
DA:145,0
DA:147,0
DA:148,0
DA:150,1
DA:151,0
DA:152,0
DA:153,0
DA:154,0
DA:155,0
DA:156,0
DA:158,0
DA:159,0
DA:161,6
DA:162,6
DA:163,0
DA:165,0
DA:167,0
DA:168,0
DA:169,0
DA:170,6
DA:171,6
DA:172,6
DA:173,0
DA:174,0
DA:175,0
DA:176,0
DA:177,6
DA:179,6
DA:180,6
DA:181,0
DA:183,6
DA:184,6
DA:185,6
DA:186,6
DA:187,6
DA:188,6
DA:189,6
DA:190,6
DA:191,6
DA:192,6
DA:193,6
DA:194,6
DA:196,6
DA:197,6
DA:198,6
DA:199,6
DA:200,6
DA:201,6
DA:202,6
DA:203,6
DA:204,6
DA:205,6
DA:206,6
DA:207,1
LF:136
LH:66
BRDA:60,0,0,6
BRDA:64,1,0,0
BRDA:65,2,0,0
BRDA:66,3,0,0
BRDA:67,4,0,0
BRDA:69,5,0,0
BRDA:161,6,0,6
BRDA:171,7,0,6
BRDA:179,8,0,6
BRDA:180,9,0,0
BRF:10
BRH:4
end_of_record
TN:
SF:src/security/limiter.ts
FN:1,(empty-report)
FNF:1
FNH:0
FNDA:0,(empty-report)
DA:1,0
DA:3,0
DA:5,0
DA:8,0
DA:12,0
DA:13,0
DA:14,0
DA:16,0
DA:20,0
DA:21,0
DA:22,0
DA:23,0
DA:24,0
DA:25,0
DA:26,0
DA:27,0
DA:28,0
DA:29,0
DA:30,0
DA:31,0
DA:32,0
DA:34,0
DA:35,0
DA:36,0
DA:37,0
DA:38,0
DA:39,0
DA:40,0
DA:41,0
DA:42,0
DA:43,0
DA:44,0
DA:45,0
DA:49,0
DA:50,0
DA:51,0
DA:53,0
DA:54,0
DA:57,0
DA:58,0
DA:59,0
DA:60,0
DA:61,0
DA:62,0
DA:63,0
DA:64,0
DA:65,0
DA:67,0
DA:68,0
DA:69,0
DA:70,0
DA:71,0
DA:72,0
DA:74,0
DA:75,0
DA:77,0
DA:81,0
DA:82,0
DA:83,0
DA:84,0
DA:86,0
DA:87,0
DA:88,0
DA:89,0
DA:90,0
DA:91,0
DA:92,0
DA:93,0
DA:94,0
DA:96,0
DA:97,0
DA:98,0
DA:99,0
DA:100,0
DA:101,0
DA:102,0
DA:103,0
DA:104,0
DA:105,0
DA:106,0
DA:108,0
DA:109,0
DA:110,0
DA:111,0
DA:112,0
DA:113,0
DA:114,0
DA:115,0
DA:118,0
DA:119,0
DA:120,0
DA:121,0
DA:122,0
DA:123,0
DA:124,0
DA:125,0
DA:126,0
DA:127,0
DA:130,0
DA:131,0
DA:132,0
DA:133,0
DA:134,0
DA:135,0
DA:136,0
DA:138,0
DA:139,0
LF:107
LH:0
BRDA:1,0,0,0
BRF:1
BRH:0
end_of_record
TN:
SF:src/storage/RedisTokenStore.ts
FN:7,RedisTokenStore
FN:10,key
FN:14,log
FN:20,storeRefreshToken
FN:27,getRefreshToken
FN:33,getset
FN:45,deleteRefreshToken
FN:52,blacklistToken
FN:58,isBlacklisted
FN:66,incrementRateLimit
FN:79,addToWhitelist
FN:85,removeFromWhitelist
FN:91,isWhitelisted
FN:97,set
FN:108,get
FNF:15
FNH:5
FNDA:6,RedisTokenStore
FNDA:0,key
FNDA:8,log
FNDA:0,storeRefreshToken
FNDA:0,getRefreshToken
FNDA:4,getset
FNDA:0,deleteRefreshToken
FNDA:0,blacklistToken
FNDA:0,isBlacklisted
FNDA:0,incrementRateLimit
FNDA:0,addToWhitelist
FNDA:0,removeFromWhitelist
FNDA:0,isWhitelisted
FNDA:4,set
FNDA:5,get
DA:4,1
DA:5,1
DA:7,1
DA:10,1
DA:11,0
DA:12,0
DA:14,1
DA:15,8
DA:16,0
DA:17,0
DA:18,0
DA:19,8
DA:20,1
DA:21,0
DA:22,0
DA:23,0
DA:25,0
DA:27,0
DA:28,0
DA:29,0
DA:30,0
DA:31,0
DA:32,0
DA:33,4
DA:35,4
DA:37,4
DA:38,4
DA:39,4
DA:41,4
DA:42,4
DA:43,4
DA:45,0
DA:46,0
DA:47,0
DA:48,0
DA:50,0
DA:52,0
DA:53,0
DA:54,0
DA:55,0
DA:56,0
DA:58,1
DA:59,0
DA:60,0
DA:61,0
DA:62,0
DA:63,0
DA:66,1
DA:67,0
DA:69,0
DA:70,0
DA:71,0
DA:72,0
DA:74,0
DA:75,0
DA:76,0
DA:79,1
DA:80,0
DA:81,0
DA:82,0
DA:83,0
DA:85,1
DA:86,0
DA:87,0
DA:88,0
DA:89,0
DA:91,1
DA:92,0
DA:93,0
DA:94,0
DA:95,0
DA:96,0
DA:97,4
DA:98,4
DA:99,4
DA:100,4
DA:101,0
DA:102,0
DA:104,4
DA:105,4
DA:108,1
DA:109,5
DA:110,5
DA:111,1
LF:84
LH:31
BRDA:7,0,0,6
BRDA:14,1,0,8
BRDA:15,2,0,0
BRDA:33,3,0,4
BRDA:97,4,0,4
BRDA:100,5,0,0
BRDA:108,6,0,5
BRF:7
BRH:5
end_of_record
TN:
SF:src/storage/userStorage.ts
FN:1,(empty-report)
FNF:1
FNH:1
FNDA:1,(empty-report)
DA:3,0
DA:4,0
DA:6,0
DA:7,0
DA:9,0
DA:10,0
DA:11,0
DA:13,0
DA:14,0
DA:16,0
LF:10
LH:0
BRDA:1,0,0,1
BRF:1
BRH:1
end_of_record
TN:
SF:src/types/admin.ts
FN:1,(empty-report)
FNF:1
FNH:1
FNDA:1,(empty-report)
LF:0
LH:0
BRDA:1,0,0,1
BRF:1
BRH:1
end_of_record
TN:
SF:src/types/config.ts
FN:1,(empty-report)
FNF:1
FNH:1
FNDA:1,(empty-report)
LF:0
LH:0
BRDA:1,0,0,1
BRF:1
BRH:1
end_of_record
TN:
SF:src/types/public.ts
FN:1,(empty-report)
FNF:1
FNH:1
FNDA:1,(empty-report)
LF:0
LH:0
BRDA:1,0,0,1
BRF:1
BRH:1
end_of_record
TN:
SF:src/types/storage.ts
FN:1,(empty-report)
FNF:1
FNH:1
FNDA:1,(empty-report)
LF:0
LH:0
BRDA:1,0,0,1
BRF:1
BRH:1
end_of_record
TN:
SF:src/types/tokens.ts
FN:1,(empty-report)
FNF:1
FNH:1
FNDA:1,(empty-report)
LF:0
LH:0
BRDA:1,0,0,1
BRF:1
BRH:1
end_of_record
TN:
SF:src/utility/lockHelper.ts
FN:4,RedisLock
FN:6,acquire
FN:22,release
FNF:3
FNH:3
FNDA:12,RedisLock
FNDA:8,acquire
FNDA:7,release
DA:1,1
DA:3,1
DA:4,1
DA:6,1
DA:7,8
DA:9,8
DA:10,8
DA:11,8
DA:12,8
DA:13,8
DA:14,8
DA:15,8
DA:17,8
DA:19,7
DA:20,8
DA:22,1
DA:23,7
DA:31,7
DA:32,7
DA:33,1
LF:20
LH:20
BRDA:4,0,0,12
BRDA:6,1,0,8
BRDA:17,2,0,7
BRDA:17,3,0,1
BRDA:22,4,0,7
BRF:5
BRH:5
end_of_record
